<?xml version="1.0" encoding="UTF-8"?>
<testng-results skipped="0" failed="0" ignored="0" total="1" passed="1">
  <reporter-output>
  </reporter-output>
  <suite name="Default suite" duration-ms="168422" started-at="2020-09-09T11:00:38 IST" finished-at="2020-09-09T11:03:27 IST">
    <groups>
    </groups>
    <test name="Default test" duration-ms="168422" started-at="2020-09-09T11:00:38 IST" finished-at="2020-09-09T11:03:27 IST">
      <class name="com.actitime.test.CreateCustomer">
        <test-method status="PASS" signature="openBrowser()[pri:0, instance:com.actitime.test.CreateCustomer@5d76b067]" name="openBrowser" is-config="true" duration-ms="127280" started-at="2020-09-09T11:00:38 IST" finished-at="2020-09-09T11:02:45 IST">
          <reporter-output>
          </reporter-output>
        </test-method> <!-- openBrowser -->
        <test-method status="PASS" signature="login()[pri:0, instance:com.actitime.test.CreateCustomer@5d76b067]" name="login" is-config="true" duration-ms="2378" started-at="2020-09-09T11:02:46 IST" finished-at="2020-09-09T11:02:48 IST">
          <reporter-output>
          </reporter-output>
        </test-method> <!-- login -->
        <test-method status="PASS" signature="testCreateCustomer()[pri:0, instance:com.actitime.test.CreateCustomer@5d76b067]" name="testCreateCustomer" duration-ms="31886" started-at="2020-09-09T11:02:48 IST" finished-at="2020-09-09T11:03:20 IST">
          <reporter-output>
          </reporter-output>
        </test-method> <!-- testCreateCustomer -->
        <test-method status="PASS" signature="logout()[pri:0, instance:com.actitime.test.CreateCustomer@5d76b067]" name="logout" is-config="true" duration-ms="6001" started-at="2020-09-09T11:03:20 IST" finished-at="2020-09-09T11:03:26 IST">
          <reporter-output>
          </reporter-output>
        </test-method> <!-- logout -->
        <test-method status="PASS" signature="closeBrowser()[pri:0, instance:com.actitime.test.CreateCustomer@5d76b067]" name="closeBrowser" is-config="true" duration-ms="771" started-at="2020-09-09T11:03:26 IST" finished-at="2020-09-09T11:03:27 IST">
          <reporter-output>
          </reporter-output>
        </test-method> <!-- closeBrowser -->
      </class> <!-- com.actitime.test.CreateCustomer -->
    </test> <!-- Default test -->
  </suite> <!-- Default suite -->
</testng-results>
